<?xml version="1.0" encoding="UTF-8"?>
<coverage generated="1668593629346" clover="3.2.0">
  <project timestamp="1668593629347" name="All files">
    <metrics statements="205" coveredstatements="81" conditionals="45" coveredconditionals="9" methods="80" coveredmethods="21" elements="330" coveredelements="111" complexity="0" loc="205" ncloc="205" packages="13" files="19" classes="19"/>
    <package name="src">
      <metrics statements="9" coveredstatements="7" conditionals="0" coveredconditionals="0" methods="3" coveredmethods="3"/>
      <file name="App.js" path="C:\Projects\step4\codeReact\src\App.js">
        <metrics statements="5" coveredstatements="5" conditionals="0" coveredconditionals="0" methods="2" coveredmethods="2"/>
        <line num="9" count="1" type="stmt"/>
        <line num="11" count="1" type="stmt"/>
        <line num="12" count="1" type="stmt"/>
        <line num="13" count="1" type="stmt"/>
        <line num="16" count="1" type="stmt"/>
      </file>
      <file name="AppRoutes.js" path="C:\Projects\step4\codeReact\src\AppRoutes.js">
        <metrics statements="2" coveredstatements="2" conditionals="0" coveredconditionals="0" methods="1" coveredmethods="1"/>
        <line num="7" count="2" type="stmt"/>
        <line num="9" count="2" type="stmt"/>
      </file>
      <file name="index.js" path="C:\Projects\step4\codeReact\src\index.js">
        <metrics statements="2" coveredstatements="0" conditionals="0" coveredconditionals="0" methods="0" coveredmethods="0"/>
        <line num="9" count="0" type="stmt"/>
        <line num="10" count="0" type="stmt"/>
      </file>
    </package>
    <package name="src.Components.Comments">
      <metrics statements="23" coveredstatements="1" conditionals="8" coveredconditionals="0" methods="8" coveredmethods="0"/>
      <file name="Comments.js" path="C:\Projects\step4\codeReact\src\Components\Comments\Comments.js">
        <metrics statements="23" coveredstatements="1" conditionals="8" coveredconditionals="0" methods="8" coveredmethods="0"/>
        <line num="6" count="4" type="stmt"/>
        <line num="7" count="0" type="stmt"/>
        <line num="10" count="0" type="stmt"/>
        <line num="11" count="0" type="stmt"/>
        <line num="12" count="0" type="stmt"/>
        <line num="13" count="0" type="stmt"/>
        <line num="14" count="0" type="stmt"/>
        <line num="15" count="0" type="stmt"/>
        <line num="16" count="0" type="stmt"/>
        <line num="18" count="0" type="stmt"/>
        <line num="22" count="0" type="stmt"/>
        <line num="23" count="0" type="stmt"/>
        <line num="24" count="0" type="stmt"/>
        <line num="29" count="0" type="stmt"/>
        <line num="45" count="0" type="stmt"/>
        <line num="54" count="0" type="stmt"/>
        <line num="61" count="0" type="stmt"/>
        <line num="74" count="0" type="stmt"/>
        <line num="79" count="0" type="stmt"/>
        <line num="81" count="0" type="stmt"/>
        <line num="83" count="0" type="stmt"/>
        <line num="84" count="0" type="stmt"/>
        <line num="85" count="0" type="stmt"/>
      </file>
    </package>
    <package name="src.Components.Following">
      <metrics statements="6" coveredstatements="4" conditionals="2" coveredconditionals="0" methods="5" coveredmethods="2"/>
      <file name="Following.js" path="C:\Projects\step4\codeReact\src\Components\Following\Following.js">
        <metrics statements="6" coveredstatements="4" conditionals="2" coveredconditionals="0" methods="5" coveredmethods="2"/>
        <line num="6" count="4" type="stmt"/>
        <line num="7" count="4" type="stmt"/>
        <line num="8" count="4" type="stmt"/>
        <line num="10" count="4" type="stmt"/>
        <line num="15" count="0" type="cond" truecount="0" falsecount="2"/>
        <line num="34" count="0" type="stmt"/>
      </file>
    </package>
    <package name="src.Components.Header">
      <metrics statements="2" coveredstatements="2" conditionals="0" coveredconditionals="0" methods="1" coveredmethods="1"/>
      <file name="Header.js" path="C:\Projects\step4\codeReact\src\Components\Header\Header.js">
        <metrics statements="2" coveredstatements="2" conditionals="0" coveredconditionals="0" methods="1" coveredmethods="1"/>
        <line num="4" count="2" type="stmt"/>
        <line num="5" count="2" type="stmt"/>
      </file>
    </package>
    <package name="src.Components.Heart">
      <metrics statements="15" coveredstatements="5" conditionals="4" coveredconditionals="1" methods="10" coveredmethods="1"/>
      <file name="Heart.js" path="C:\Projects\step4\codeReact\src\Components\Heart\Heart.js">
        <metrics statements="15" coveredstatements="5" conditionals="4" coveredconditionals="1" methods="10" coveredmethods="1"/>
        <line num="6" count="5" type="stmt"/>
        <line num="7" count="1" type="stmt"/>
        <line num="8" count="1" type="stmt"/>
        <line num="9" count="1" type="stmt"/>
        <line num="10" count="1" type="stmt"/>
        <line num="15" count="0" type="cond" truecount="0" falsecount="2"/>
        <line num="16" count="0" type="stmt"/>
        <line num="17" count="0" type="stmt"/>
        <line num="18" count="0" type="stmt"/>
        <line num="30" count="0" type="stmt"/>
        <line num="31" count="0" type="stmt"/>
        <line num="32" count="0" type="stmt"/>
        <line num="41" count="0" type="stmt"/>
        <line num="42" count="0" type="stmt"/>
        <line num="43" count="0" type="stmt"/>
      </file>
    </package>
    <package name="src.Components.MiniModal">
      <metrics statements="5" coveredstatements="1" conditionals="0" coveredconditionals="0" methods="2" coveredmethods="0"/>
      <file name="MiniModal.js" path="C:\Projects\step4\codeReact\src\Components\MiniModal\MiniModal.js">
        <metrics statements="5" coveredstatements="1" conditionals="0" coveredconditionals="0" methods="2" coveredmethods="0"/>
        <line num="4" count="4" type="stmt"/>
        <line num="5" count="0" type="stmt"/>
        <line num="6" count="0" type="stmt"/>
        <line num="10" count="0" type="stmt"/>
        <line num="11" count="0" type="stmt"/>
      </file>
    </package>
    <package name="src.Components.Modal">
      <metrics statements="12" coveredstatements="1" conditionals="2" coveredconditionals="0" methods="4" coveredmethods="0"/>
      <file name="Modal.js" path="C:\Projects\step4\codeReact\src\Components\Modal\Modal.js">
        <metrics statements="12" coveredstatements="1" conditionals="2" coveredconditionals="0" methods="4" coveredmethods="0"/>
        <line num="7" count="3" type="stmt"/>
        <line num="8" count="0" type="stmt"/>
        <line num="9" count="0" type="stmt"/>
        <line num="10" count="0" type="stmt"/>
        <line num="11" count="0" type="stmt"/>
        <line num="12" count="0" type="stmt"/>
        <line num="13" count="0" type="stmt"/>
        <line num="14" count="0" type="stmt"/>
        <line num="15" count="0" type="stmt"/>
        <line num="16" count="0" type="stmt"/>
        <line num="20" count="0" type="cond" truecount="0" falsecount="2"/>
        <line num="21" count="0" type="stmt"/>
      </file>
    </package>
    <package name="src.Components.PostCard">
      <metrics statements="4" coveredstatements="1" conditionals="0" coveredconditionals="0" methods="3" coveredmethods="0"/>
      <file name="PostCard.js" path="C:\Projects\step4\codeReact\src\Components\PostCard\PostCard.js">
        <metrics statements="4" coveredstatements="1" conditionals="0" coveredconditionals="0" methods="3" coveredmethods="0"/>
        <line num="7" count="3" type="stmt"/>
        <line num="8" count="0" type="stmt"/>
        <line num="9" count="0" type="stmt"/>
        <line num="10" count="0" type="stmt"/>
      </file>
    </package>
    <package name="src.Components.RecomFollow">
      <metrics statements="8" coveredstatements="4" conditionals="2" coveredconditionals="1" methods="3" coveredmethods="1"/>
      <file name="RecomFollow.js" path="C:\Projects\step4\codeReact\src\Components\RecomFollow\RecomFollow.js">
        <metrics statements="8" coveredstatements="4" conditionals="2" coveredconditionals="1" methods="3" coveredmethods="1"/>
        <line num="6" count="5" type="stmt"/>
        <line num="7" count="1" type="stmt"/>
        <line num="8" count="1" type="stmt"/>
        <line num="9" count="1" type="stmt"/>
        <line num="24" count="0" type="stmt"/>
        <line num="25" count="0" type="stmt"/>
        <line num="33" count="0" type="stmt"/>
        <line num="34" count="0" type="stmt"/>
      </file>
    </package>
    <package name="src.Components.UserPostCard">
      <metrics statements="5" coveredstatements="3" conditionals="2" coveredconditionals="1" methods="3" coveredmethods="1"/>
      <file name="UserPostCard.js" path="C:\Projects\step4\codeReact\src\Components\UserPostCard\UserPostCard.js">
        <metrics statements="5" coveredstatements="3" conditionals="2" coveredconditionals="1" methods="3" coveredmethods="1"/>
        <line num="5" count="4" type="stmt"/>
        <line num="11" count="1" type="stmt"/>
        <line num="12" count="1" type="stmt"/>
        <line num="14" count="0" type="stmt"/>
        <line num="15" count="0" type="stmt"/>
      </file>
    </package>
    <package name="src.Pages.Posts">
      <metrics statements="7" coveredstatements="5" conditionals="0" coveredconditionals="0" methods="5" coveredmethods="2"/>
      <file name="Posts.js" path="C:\Projects\step4\codeReact\src\Pages\Posts\Posts.js">
        <metrics statements="7" coveredstatements="5" conditionals="0" coveredconditionals="0" methods="5" coveredmethods="2"/>
        <line num="9" count="3" type="stmt"/>
        <line num="10" count="3" type="stmt"/>
        <line num="11" count="3" type="stmt"/>
        <line num="12" count="3" type="stmt"/>
        <line num="13" count="0" type="stmt"/>
        <line num="16" count="3" type="stmt"/>
        <line num="21" count="0" type="stmt"/>
      </file>
    </package>
    <package name="src.Pages.User">
      <metrics statements="22" coveredstatements="17" conditionals="4" coveredconditionals="2" methods="9" coveredmethods="5"/>
      <file name="User.js" path="C:\Projects\step4\codeReact\src\Pages\User\User.js">
        <metrics statements="22" coveredstatements="17" conditionals="4" coveredconditionals="2" methods="9" coveredmethods="5"/>
        <line num="12" count="3" type="stmt"/>
        <line num="13" count="1" type="stmt"/>
        <line num="14" count="1" type="stmt"/>
        <line num="15" count="1" type="stmt"/>
        <line num="16" count="1" type="stmt"/>
        <line num="17" count="1" type="stmt"/>
        <line num="20" count="1" type="stmt"/>
        <line num="21" count="1" type="stmt"/>
        <line num="22" count="1" type="stmt"/>
        <line num="23" count="1" type="stmt"/>
        <line num="24" count="1" type="stmt"/>
        <line num="25" count="1" type="stmt"/>
        <line num="26" count="1" type="stmt"/>
        <line num="27" count="1" type="stmt"/>
        <line num="28" count="1" type="stmt"/>
        <line num="29" count="1" type="stmt"/>
        <line num="31" count="1" type="stmt"/>
        <line num="46" count="0" type="stmt"/>
        <line num="47" count="0" type="stmt"/>
        <line num="56" count="0" type="stmt"/>
        <line num="57" count="0" type="stmt"/>
        <line num="68" count="0" type="stmt"/>
      </file>
    </package>
    <package name="src.store">
      <metrics statements="87" coveredstatements="30" conditionals="21" coveredconditionals="4" methods="24" coveredmethods="5"/>
      <file name="actionCreators.js" path="C:\Projects\step4\codeReact\src\store\actionCreators.js">
        <metrics statements="36" coveredstatements="13" conditionals="0" coveredconditionals="0" methods="18" coveredmethods="4"/>
        <line num="13" count="8" type="stmt"/>
        <line num="14" count="1" type="stmt"/>
        <line num="15" count="1" type="stmt"/>
        <line num="16" count="0" type="stmt"/>
        <line num="18" count="0" type="stmt"/>
        <line num="19" count="0" type="stmt"/>
        <line num="22" count="8" type="stmt"/>
        <line num="23" count="1" type="stmt"/>
        <line num="24" count="1" type="stmt"/>
        <line num="25" count="0" type="stmt"/>
        <line num="27" count="0" type="stmt"/>
        <line num="28" count="0" type="stmt"/>
        <line num="32" count="8" type="stmt"/>
        <line num="33" count="0" type="stmt"/>
        <line num="34" count="0" type="stmt"/>
        <line num="35" count="0" type="stmt"/>
        <line num="42" count="0" type="stmt"/>
        <line num="46" count="8" type="stmt"/>
        <line num="47" count="0" type="stmt"/>
        <line num="48" count="0" type="stmt"/>
        <line num="49" count="0" type="stmt"/>
        <line num="56" count="0" type="stmt"/>
        <line num="60" count="8" type="stmt"/>
        <line num="61" count="0" type="stmt"/>
        <line num="62" count="0" type="stmt"/>
        <line num="72" count="0" type="stmt"/>
        <line num="76" count="8" type="stmt"/>
        <line num="77" count="0" type="stmt"/>
        <line num="78" count="0" type="stmt"/>
        <line num="88" count="0" type="stmt"/>
        <line num="92" count="8" type="stmt"/>
        <line num="93" count="0" type="stmt"/>
        <line num="94" count="0" type="stmt"/>
        <line num="101" count="0" type="stmt"/>
        <line num="104" count="8" type="stmt"/>
        <line num="106" count="8" type="stmt"/>
      </file>
      <file name="actions.js" path="C:\Projects\step4\codeReact\src\store\actions.js">
        <metrics statements="9" coveredstatements="9" conditionals="0" coveredconditionals="0" methods="0" coveredmethods="0"/>
        <line num="1" count="10" type="stmt"/>
        <line num="2" count="10" type="stmt"/>
        <line num="3" count="10" type="stmt"/>
        <line num="4" count="10" type="stmt"/>
        <line num="5" count="10" type="stmt"/>
        <line num="6" count="10" type="stmt"/>
        <line num="7" count="10" type="stmt"/>
        <line num="8" count="10" type="stmt"/>
        <line num="9" count="10" type="stmt"/>
      </file>
      <file name="appReducer.js" path="C:\Projects\step4\codeReact\src\store\appReducer.js">
        <metrics statements="1" coveredstatements="1" conditionals="0" coveredconditionals="0" methods="0" coveredmethods="0"/>
        <line num="4" count="9" type="stmt"/>
      </file>
      <file name="index.js" path="C:\Projects\step4\codeReact\src\store\index.js">
        <metrics statements="1" coveredstatements="1" conditionals="0" coveredconditionals="0" methods="0" coveredmethods="0"/>
        <line num="6" count="9" type="stmt"/>
      </file>
      <file name="reducer.js" path="C:\Projects\step4\codeReact\src\store\reducer.js">
        <metrics statements="40" coveredstatements="6" conditionals="21" coveredconditionals="4" methods="6" coveredmethods="1"/>
        <line num="13" count="10" type="stmt"/>
        <line num="19" count="10" type="cond" truecount="1" falsecount="0"/>
        <line num="20" count="30" type="cond" truecount="3" falsecount="7"/>
        <line num="23" count="0" type="stmt"/>
        <line num="27" count="0" type="stmt"/>
        <line num="31" count="0" type="stmt"/>
        <line num="32" count="0" type="stmt"/>
        <line num="33" count="0" type="stmt"/>
        <line num="34" count="0" type="cond" truecount="0" falsecount="2"/>
        <line num="35" count="0" type="stmt"/>
        <line num="37" count="0" type="stmt"/>
        <line num="41" count="0" type="stmt"/>
        <line num="42" count="0" type="stmt"/>
        <line num="43" count="0" type="stmt"/>
        <line num="44" count="0" type="cond" truecount="0" falsecount="2"/>
        <line num="45" count="0" type="stmt"/>
        <line num="47" count="0" type="stmt"/>
        <line num="51" count="0" type="stmt"/>
        <line num="52" count="0" type="stmt"/>
        <line num="53" count="0" type="stmt"/>
        <line num="54" count="0" type="cond" truecount="0" falsecount="2"/>
        <line num="55" count="0" type="stmt"/>
        <line num="56" count="0" type="stmt"/>
        <line num="58" count="0" type="stmt"/>
        <line num="62" count="0" type="stmt"/>
        <line num="63" count="0" type="stmt"/>
        <line num="64" count="0" type="stmt"/>
        <line num="65" count="0" type="cond" truecount="0" falsecount="2"/>
        <line num="66" count="0" type="stmt"/>
        <line num="67" count="0" type="stmt"/>
        <line num="69" count="0" type="stmt"/>
        <line num="73" count="0" type="stmt"/>
        <line num="74" count="0" type="stmt"/>
        <line num="75" count="0" type="stmt"/>
        <line num="76" count="0" type="cond" truecount="0" falsecount="2"/>
        <line num="77" count="0" type="stmt"/>
        <line num="79" count="0" type="stmt"/>
        <line num="83" count="1" type="stmt"/>
        <line num="87" count="1" type="stmt"/>
        <line num="91" count="28" type="stmt"/>
      </file>
    </package>
  </project>
</coverage>
