{"C:\\Projects\\step4\\codeReact\\src\\App.js": {"path":"C:\\Projects\\step4\\codeReact\\src\\App.js","statementMap":{"0":{"start":{"line":9,"column":19},"end":{"line":9,"column":32}},"1":{"start":{"line":11,"column":2},"end":{"line":14,"column":17}},"2":{"start":{"line":12,"column":4},"end":{"line":12,"column":32}},"3":{"start":{"line":13,"column":4},"end":{"line":13,"column":32}},"4":{"start":{"line":16,"column":2},"end":{"line":21,"column":4}}},"fnMap":{"0":{"name":"App","decl":{"start":{"line":8,"column":9},"end":{"line":8,"column":12}},"loc":{"start":{"line":8,"column":15},"end":{"line":22,"column":1}},"line":8},"1":{"name":"(anonymous_1)","decl":{"start":{"line":11,"column":12},"end":{"line":11,"column":13}},"loc":{"start":{"line":11,"column":18},"end":{"line":14,"column":3}},"line":11}},"branchMap":{},"s":{"0":1,"1":1,"2":1,"3":1,"4":1},"f":{"0":1,"1":1},"b":{},"_coverageSchema":"1a1c01bbd47fc00a2c39e90264f33305004495a9","hash":"8b37168ce03b55a3b45511f5f1623118b763b9b6"}
,"C:\\Projects\\step4\\codeReact\\src\\AppRoutes.js": {"path":"C:\\Projects\\step4\\codeReact\\src\\AppRoutes.js","statementMap":{"0":{"start":{"line":7,"column":18},"end":{"line":19,"column":1}},"1":{"start":{"line":9,"column":2},"end":{"line":18,"column":4}}},"fnMap":{"0":{"name":"(anonymous_0)","decl":{"start":{"line":7,"column":18},"end":{"line":7,"column":19}},"loc":{"start":{"line":7,"column":24},"end":{"line":19,"column":1}},"line":7}},"branchMap":{},"s":{"0":2,"1":2},"f":{"0":2},"b":{},"_coverageSchema":"1a1c01bbd47fc00a2c39e90264f33305004495a9","hash":"cd2adbf00ea2dc260fec0c6ca3d5194c6ddd80c2"}
,"C:\\Projects\\step4\\codeReact\\src\\index.js": {"path":"C:\\Projects\\step4\\codeReact\\src\\index.js","statementMap":{"0":{"start":{"line":9,"column":13},"end":{"line":9,"column":65}},"1":{"start":{"line":10,"column":0},"end":{"line":16,"column":2}}},"fnMap":{},"branchMap":{},"s":{"0":0,"1":0},"f":{},"b":{}}
,"C:\\Projects\\step4\\codeReact\\src\\Components\\Comments\\Comments.js": {"path":"C:\\Projects\\step4\\codeReact\\src\\Components\\Comments\\Comments.js","statementMap":{"0":{"start":{"line":6,"column":17},"end":{"line":94,"column":1}},"1":{"start":{"line":7,"column":42},"end":{"line":7,"column":56}},"2":{"start":{"line":10,"column":44},"end":{"line":10,"column":62}},"3":{"start":{"line":11,"column":19},"end":{"line":11,"column":32}},"4":{"start":{"line":12,"column":14},"end":{"line":12,"column":22}},"5":{"start":{"line":13,"column":18},"end":{"line":13,"column":20}},"6":{"start":{"line":14,"column":28},"end":{"line":26,"column":3}},"7":{"start":{"line":15,"column":4},"end":{"line":25,"column":7}},"8":{"start":{"line":16,"column":20},"end":{"line":16,"column":32}},"9":{"start":{"line":18,"column":7},"end":{"line":21,"column":29}},"10":{"start":{"line":22,"column":0},"end":{"line":22,"column":42}},"11":{"start":{"line":23,"column":6},"end":{"line":23,"column":24}},"12":{"start":{"line":24,"column":6},"end":{"line":24,"column":19}},"13":{"start":{"line":29,"column":2},"end":{"line":93,"column":4}},"14":{"start":{"line":45,"column":14},"end":{"line":45,"column":36}},"15":{"start":{"line":54,"column":12},"end":{"line":56,"column":16}},"16":{"start":{"line":61,"column":14},"end":{"line":61,"column":37}},"17":{"start":{"line":74,"column":28},"end":{"line":74,"column":54}},"18":{"start":{"line":79,"column":12},"end":{"line":79,"column":35}},"19":{"start":{"line":81,"column":12},"end":{"line":81,"column":35}},"20":{"start":{"line":83,"column":12},"end":{"line":83,"column":41}},"21":{"start":{"line":84,"column":12},"end":{"line":84,"column":27}},"22":{"start":{"line":85,"column":12},"end":{"line":85,"column":35}}},"fnMap":{"0":{"name":"(anonymous_0)","decl":{"start":{"line":6,"column":17},"end":{"line":6,"column":18}},"loc":{"start":{"line":6,"column":57},"end":{"line":94,"column":1}},"line":6},"1":{"name":"(anonymous_1)","decl":{"start":{"line":14,"column":28},"end":{"line":14,"column":29}},"loc":{"start":{"line":14,"column":44},"end":{"line":26,"column":3}},"line":14},"2":{"name":"(anonymous_2)","decl":{"start":{"line":15,"column":21},"end":{"line":15,"column":22}},"loc":{"start":{"line":15,"column":34},"end":{"line":25,"column":5}},"line":15},"3":{"name":"(anonymous_3)","decl":{"start":{"line":44,"column":21},"end":{"line":44,"column":22}},"loc":{"start":{"line":44,"column":27},"end":{"line":46,"column":13}},"line":44},"4":{"name":"(anonymous_4)","decl":{"start":{"line":53,"column":29},"end":{"line":53,"column":30}},"loc":{"start":{"line":54,"column":12},"end":{"line":56,"column":16}},"line":54},"5":{"name":"(anonymous_5)","decl":{"start":{"line":60,"column":21},"end":{"line":60,"column":22}},"loc":{"start":{"line":60,"column":27},"end":{"line":62,"column":13}},"line":60},"6":{"name":"(anonymous_6)","decl":{"start":{"line":74,"column":20},"end":{"line":74,"column":21}},"loc":{"start":{"line":74,"column":28},"end":{"line":74,"column":54}},"line":74},"7":{"name":"(anonymous_7)","decl":{"start":{"line":78,"column":19},"end":{"line":78,"column":20}},"loc":{"start":{"line":78,"column":30},"end":{"line":86,"column":11}},"line":78}},"branchMap":{"0":{"loc":{"start":{"line":31,"column":7},"end":{"line":67,"column":7}},"type":"cond-expr","locations":[{"start":{"line":32,"column":8},"end":{"line":32,"column":77}},{"start":{"line":33,"column":10},"end":{"line":67,"column":7}}],"line":31},"1":{"loc":{"start":{"line":33,"column":10},"end":{"line":67,"column":7}},"type":"cond-expr","locations":[{"start":{"line":34,"column":8},"end":{"line":50,"column":14}},{"start":{"line":52,"column":8},"end":{"line":66,"column":14}}],"line":33},"2":{"loc":{"start":{"line":48,"column":13},"end":{"line":48,"column":60}},"type":"binary-expr","locations":[{"start":{"line":48,"column":13},"end":{"line":48,"column":37}},{"start":{"line":48,"column":41},"end":{"line":48,"column":60}}],"line":48},"3":{"loc":{"start":{"line":64,"column":13},"end":{"line":64,"column":60}},"type":"binary-expr","locations":[{"start":{"line":64,"column":13},"end":{"line":64,"column":37}},{"start":{"line":64,"column":41},"end":{"line":64,"column":60}}],"line":64}},"s":{"0":4,"1":0,"2":0,"3":0,"4":0,"5":0,"6":0,"7":0,"8":0,"9":0,"10":0,"11":0,"12":0,"13":0,"14":0,"15":0,"16":0,"17":0,"18":0,"19":0,"20":0,"21":0,"22":0},"f":{"0":0,"1":0,"2":0,"3":0,"4":0,"5":0,"6":0,"7":0},"b":{"0":[0,0],"1":[0,0],"2":[0,0],"3":[0,0]},"_coverageSchema":"1a1c01bbd47fc00a2c39e90264f33305004495a9","hash":"c15a7248971ee4de7aa8e014009e5b8b786405a5"}
,"C:\\Projects\\step4\\codeReact\\src\\Components\\Following\\Following.js": {"path":"C:\\Projects\\step4\\codeReact\\src\\Components\\Following\\Following.js","statementMap":{"0":{"start":{"line":6,"column":18},"end":{"line":46,"column":1}},"1":{"start":{"line":7,"column":16},"end":{"line":7,"column":64}},"2":{"start":{"line":7,"column":39},"end":{"line":7,"column":63}},"3":{"start":{"line":8,"column":16},"end":{"line":8,"column":61}},"4":{"start":{"line":8,"column":37},"end":{"line":8,"column":60}},"5":{"start":{"line":10,"column":2},"end":{"line":45,"column":4}},"6":{"start":{"line":15,"column":10},"end":{"line":28,"column":18}},"7":{"start":{"line":34,"column":10},"end":{"line":41,"column":12}}},"fnMap":{"0":{"name":"(anonymous_0)","decl":{"start":{"line":6,"column":18},"end":{"line":6,"column":19}},"loc":{"start":{"line":6,"column":24},"end":{"line":46,"column":1}},"line":6},"1":{"name":"(anonymous_1)","decl":{"start":{"line":7,"column":28},"end":{"line":7,"column":29}},"loc":{"start":{"line":7,"column":39},"end":{"line":7,"column":63}},"line":7},"2":{"name":"(anonymous_2)","decl":{"start":{"line":8,"column":29},"end":{"line":8,"column":30}},"loc":{"start":{"line":8,"column":37},"end":{"line":8,"column":60}},"line":8},"3":{"name":"(anonymous_3)","decl":{"start":{"line":14,"column":19},"end":{"line":14,"column":20}},"loc":{"start":{"line":15,"column":10},"end":{"line":28,"column":18}},"line":15},"4":{"name":"(anonymous_4)","decl":{"start":{"line":33,"column":19},"end":{"line":33,"column":20}},"loc":{"start":{"line":34,"column":10},"end":{"line":41,"column":12}},"line":34}},"branchMap":{"0":{"loc":{"start":{"line":15,"column":10},"end":{"line":28,"column":18}},"type":"cond-expr","locations":[{"start":{"line":16,"column":12},"end":{"line":27,"column":19}},{"start":{"line":28,"column":14},"end":{"line":28,"column":18}}],"line":15}},"s":{"0":4,"1":4,"2":4,"3":4,"4":0,"5":4,"6":0,"7":0},"f":{"0":4,"1":4,"2":0,"3":0,"4":0},"b":{"0":[0,0]},"_coverageSchema":"1a1c01bbd47fc00a2c39e90264f33305004495a9","hash":"9236a95f4d5e726631c0dd0539e271c97c3a8527"}
,"C:\\Projects\\step4\\codeReact\\src\\Components\\Header\\Header.js": {"path":"C:\\Projects\\step4\\codeReact\\src\\Components\\Header\\Header.js","statementMap":{"0":{"start":{"line":4,"column":15},"end":{"line":23,"column":1}},"1":{"start":{"line":5,"column":2},"end":{"line":22,"column":4}}},"fnMap":{"0":{"name":"(anonymous_0)","decl":{"start":{"line":4,"column":15},"end":{"line":4,"column":16}},"loc":{"start":{"line":4,"column":21},"end":{"line":23,"column":1}},"line":4}},"branchMap":{},"s":{"0":2,"1":2},"f":{"0":2},"b":{},"_coverageSchema":"1a1c01bbd47fc00a2c39e90264f33305004495a9","hash":"1a2c61c5fec2bbaa277f9374998611c4a37be4ca"}
,"C:\\Projects\\step4\\codeReact\\src\\Components\\Heart\\Heart.js": {"path":"C:\\Projects\\step4\\codeReact\\src\\Components\\Heart\\Heart.js","statementMap":{"0":{"start":{"line":6,"column":14},"end":{"line":52,"column":1}},"1":{"start":{"line":7,"column":21},"end":{"line":7,"column":34}},"2":{"start":{"line":8,"column":26},"end":{"line":8,"column":41}},"3":{"start":{"line":9,"column":40},"end":{"line":9,"column":63}},"4":{"start":{"line":10,"column":4},"end":{"line":51,"column":6}},"5":{"start":{"line":15,"column":14},"end":{"line":19,"column":15}},"6":{"start":{"line":16,"column":16},"end":{"line":16,"column":55}},"7":{"start":{"line":17,"column":16},"end":{"line":17,"column":47}},"8":{"start":{"line":17,"column":40},"end":{"line":17,"column":45}},"9":{"start":{"line":18,"column":16},"end":{"line":18,"column":41}},"10":{"start":{"line":18,"column":32},"end":{"line":18,"column":39}},"11":{"start":{"line":30,"column":14},"end":{"line":30,"column":53}},"12":{"start":{"line":31,"column":14},"end":{"line":31,"column":45}},"13":{"start":{"line":31,"column":38},"end":{"line":31,"column":43}},"14":{"start":{"line":32,"column":14},"end":{"line":32,"column":39}},"15":{"start":{"line":32,"column":30},"end":{"line":32,"column":37}},"16":{"start":{"line":41,"column":14},"end":{"line":41,"column":53}},"17":{"start":{"line":42,"column":14},"end":{"line":42,"column":45}},"18":{"start":{"line":42,"column":38},"end":{"line":42,"column":43}},"19":{"start":{"line":43,"column":14},"end":{"line":43,"column":39}},"20":{"start":{"line":43,"column":30},"end":{"line":43,"column":37}}},"fnMap":{"0":{"name":"(anonymous_0)","decl":{"start":{"line":6,"column":14},"end":{"line":6,"column":15}},"loc":{"start":{"line":6,"column":54},"end":{"line":52,"column":1}},"line":6},"1":{"name":"(anonymous_1)","decl":{"start":{"line":14,"column":27},"end":{"line":14,"column":28}},"loc":{"start":{"line":14,"column":33},"end":{"line":20,"column":13}},"line":14},"2":{"name":"(anonymous_2)","decl":{"start":{"line":17,"column":30},"end":{"line":17,"column":31}},"loc":{"start":{"line":17,"column":40},"end":{"line":17,"column":45}},"line":17},"3":{"name":"(anonymous_3)","decl":{"start":{"line":18,"column":23},"end":{"line":18,"column":24}},"loc":{"start":{"line":18,"column":32},"end":{"line":18,"column":39}},"line":18},"4":{"name":"(anonymous_4)","decl":{"start":{"line":29,"column":21},"end":{"line":29,"column":22}},"loc":{"start":{"line":29,"column":27},"end":{"line":33,"column":13}},"line":29},"5":{"name":"(anonymous_5)","decl":{"start":{"line":31,"column":28},"end":{"line":31,"column":29}},"loc":{"start":{"line":31,"column":38},"end":{"line":31,"column":43}},"line":31},"6":{"name":"(anonymous_6)","decl":{"start":{"line":32,"column":21},"end":{"line":32,"column":22}},"loc":{"start":{"line":32,"column":30},"end":{"line":32,"column":37}},"line":32},"7":{"name":"(anonymous_7)","decl":{"start":{"line":40,"column":21},"end":{"line":40,"column":22}},"loc":{"start":{"line":40,"column":27},"end":{"line":44,"column":13}},"line":40},"8":{"name":"(anonymous_8)","decl":{"start":{"line":42,"column":28},"end":{"line":42,"column":29}},"loc":{"start":{"line":42,"column":38},"end":{"line":42,"column":43}},"line":42},"9":{"name":"(anonymous_9)","decl":{"start":{"line":43,"column":21},"end":{"line":43,"column":22}},"loc":{"start":{"line":43,"column":30},"end":{"line":43,"column":37}},"line":43}},"branchMap":{"0":{"loc":{"start":{"line":15,"column":14},"end":{"line":19,"column":15}},"type":"if","locations":[{"start":{"line":15,"column":14},"end":{"line":19,"column":15}},{"start":{},"end":{}}],"line":15},"1":{"loc":{"start":{"line":26,"column":9},"end":{"line":48,"column":9}},"type":"cond-expr","locations":[{"start":{"line":27,"column":10},"end":{"line":36,"column":16}},{"start":{"line":38,"column":10},"end":{"line":47,"column":16}}],"line":26}},"s":{"0":5,"1":1,"2":1,"3":1,"4":1,"5":0,"6":0,"7":0,"8":0,"9":0,"10":0,"11":0,"12":0,"13":0,"14":0,"15":0,"16":0,"17":0,"18":0,"19":0,"20":0},"f":{"0":1,"1":0,"2":0,"3":0,"4":0,"5":0,"6":0,"7":0,"8":0,"9":0},"b":{"0":[0,0],"1":[0,1]},"_coverageSchema":"1a1c01bbd47fc00a2c39e90264f33305004495a9","hash":"341ada460d4e69bce6ce9a3d4c550a831a2589e0"}
,"C:\\Projects\\step4\\codeReact\\src\\Components\\MiniModal\\MiniModal.js": {"path":"C:\\Projects\\step4\\codeReact\\src\\Components\\MiniModal\\MiniModal.js","statementMap":{"0":{"start":{"line":4,"column":18},"end":{"line":19,"column":1}},"1":{"start":{"line":5,"column":19},"end":{"line":5,"column":32}},"2":{"start":{"line":6,"column":2},"end":{"line":18,"column":4}},"3":{"start":{"line":10,"column":8},"end":{"line":10,"column":38}},"4":{"start":{"line":11,"column":8},"end":{"line":11,"column":40}}},"fnMap":{"0":{"name":"(anonymous_0)","decl":{"start":{"line":4,"column":18},"end":{"line":4,"column":19}},"loc":{"start":{"line":4,"column":47},"end":{"line":19,"column":1}},"line":4},"1":{"name":"(anonymous_1)","decl":{"start":{"line":9,"column":15},"end":{"line":9,"column":16}},"loc":{"start":{"line":9,"column":21},"end":{"line":12,"column":7}},"line":9}},"branchMap":{},"s":{"0":4,"1":0,"2":0,"3":0,"4":0},"f":{"0":0,"1":0},"b":{},"_coverageSchema":"1a1c01bbd47fc00a2c39e90264f33305004495a9","hash":"db01a07292df93cd3c9fb8ae1d61b7f0ac6ed82f"}
,"C:\\Projects\\step4\\codeReact\\src\\Components\\Modal\\Modal.js": {"path":"C:\\Projects\\step4\\codeReact\\src\\Components\\Modal\\Modal.js","statementMap":{"0":{"start":{"line":7,"column":14},"end":{"line":40,"column":1}},"1":{"start":{"line":8,"column":14},"end":{"line":8,"column":62}},"2":{"start":{"line":8,"column":37},"end":{"line":8,"column":61}},"3":{"start":{"line":9,"column":14},"end":{"line":9,"column":62}},"4":{"start":{"line":9,"column":37},"end":{"line":9,"column":61}},"5":{"start":{"line":10,"column":12},"end":{"line":10,"column":26}},"6":{"start":{"line":11,"column":12},"end":{"line":11,"column":26}},"7":{"start":{"line":12,"column":17},"end":{"line":12,"column":36}},"8":{"start":{"line":13,"column":14},"end":{"line":13,"column":30}},"9":{"start":{"line":14,"column":22},"end":{"line":14,"column":46}},"10":{"start":{"line":15,"column":17},"end":{"line":15,"column":30}},"11":{"start":{"line":16,"column":2},"end":{"line":39,"column":4}},"12":{"start":{"line":20,"column":8},"end":{"line":22,"column":9}},"13":{"start":{"line":21,"column":10},"end":{"line":21,"column":41}}},"fnMap":{"0":{"name":"(anonymous_0)","decl":{"start":{"line":7,"column":14},"end":{"line":7,"column":15}},"loc":{"start":{"line":7,"column":26},"end":{"line":40,"column":1}},"line":7},"1":{"name":"(anonymous_1)","decl":{"start":{"line":8,"column":26},"end":{"line":8,"column":27}},"loc":{"start":{"line":8,"column":37},"end":{"line":8,"column":61}},"line":8},"2":{"name":"(anonymous_2)","decl":{"start":{"line":9,"column":26},"end":{"line":9,"column":27}},"loc":{"start":{"line":9,"column":37},"end":{"line":9,"column":61}},"line":9},"3":{"name":"(anonymous_3)","decl":{"start":{"line":19,"column":15},"end":{"line":19,"column":16}},"loc":{"start":{"line":19,"column":22},"end":{"line":23,"column":7}},"line":19}},"branchMap":{"0":{"loc":{"start":{"line":20,"column":8},"end":{"line":22,"column":9}},"type":"if","locations":[{"start":{"line":20,"column":8},"end":{"line":22,"column":9}},{"start":{},"end":{}}],"line":20}},"s":{"0":3,"1":0,"2":0,"3":0,"4":0,"5":0,"6":0,"7":0,"8":0,"9":0,"10":0,"11":0,"12":0,"13":0},"f":{"0":0,"1":0,"2":0,"3":0},"b":{"0":[0,0]},"_coverageSchema":"1a1c01bbd47fc00a2c39e90264f33305004495a9","hash":"e0240ffe59a2c3fc49b035bcd783c55fe8c60654"}
,"C:\\Projects\\step4\\codeReact\\src\\Components\\PostCard\\PostCard.js": {"path":"C:\\Projects\\step4\\codeReact\\src\\Components\\PostCard\\PostCard.js","statementMap":{"0":{"start":{"line":7,"column":17},"end":{"line":26,"column":1}},"1":{"start":{"line":8,"column":16},"end":{"line":8,"column":64}},"2":{"start":{"line":8,"column":39},"end":{"line":8,"column":63}},"3":{"start":{"line":9,"column":14},"end":{"line":9,"column":62}},"4":{"start":{"line":9,"column":37},"end":{"line":9,"column":61}},"5":{"start":{"line":10,"column":2},"end":{"line":25,"column":4}}},"fnMap":{"0":{"name":"(anonymous_0)","decl":{"start":{"line":7,"column":17},"end":{"line":7,"column":18}},"loc":{"start":{"line":7,"column":81},"end":{"line":26,"column":1}},"line":7},"1":{"name":"(anonymous_1)","decl":{"start":{"line":8,"column":28},"end":{"line":8,"column":29}},"loc":{"start":{"line":8,"column":39},"end":{"line":8,"column":63}},"line":8},"2":{"name":"(anonymous_2)","decl":{"start":{"line":9,"column":26},"end":{"line":9,"column":27}},"loc":{"start":{"line":9,"column":37},"end":{"line":9,"column":61}},"line":9}},"branchMap":{},"s":{"0":3,"1":0,"2":0,"3":0,"4":0,"5":0},"f":{"0":0,"1":0,"2":0},"b":{},"_coverageSchema":"1a1c01bbd47fc00a2c39e90264f33305004495a9","hash":"8317c2f87d53cba80d33eca1e1587069568c1ca0"}
,"C:\\Projects\\step4\\codeReact\\src\\Components\\RecomFollow\\RecomFollow.js": {"path":"C:\\Projects\\step4\\codeReact\\src\\Components\\RecomFollow\\RecomFollow.js","statementMap":{"0":{"start":{"line":6,"column":20},"end":{"line":44,"column":1}},"1":{"start":{"line":7,"column":21},"end":{"line":7,"column":34}},"2":{"start":{"line":8,"column":34},"end":{"line":8,"column":49}},"3":{"start":{"line":9,"column":2},"end":{"line":43,"column":4}},"4":{"start":{"line":24,"column":16},"end":{"line":24,"column":53}},"5":{"start":{"line":25,"column":16},"end":{"line":25,"column":33}},"6":{"start":{"line":33,"column":16},"end":{"line":33,"column":55}},"7":{"start":{"line":34,"column":16},"end":{"line":34,"column":34}}},"fnMap":{"0":{"name":"(anonymous_0)","decl":{"start":{"line":6,"column":20},"end":{"line":6,"column":21}},"loc":{"start":{"line":6,"column":66},"end":{"line":44,"column":1}},"line":6},"1":{"name":"(anonymous_1)","decl":{"start":{"line":23,"column":23},"end":{"line":23,"column":24}},"loc":{"start":{"line":23,"column":29},"end":{"line":26,"column":15}},"line":23},"2":{"name":"(anonymous_2)","decl":{"start":{"line":32,"column":23},"end":{"line":32,"column":24}},"loc":{"start":{"line":32,"column":29},"end":{"line":35,"column":15}},"line":32}},"branchMap":{"0":{"loc":{"start":{"line":21,"column":11},"end":{"line":39,"column":11}},"type":"cond-expr","locations":[{"start":{"line":22,"column":12},"end":{"line":29,"column":18}},{"start":{"line":31,"column":12},"end":{"line":38,"column":18}}],"line":21}},"s":{"0":5,"1":1,"2":1,"3":1,"4":0,"5":0,"6":0,"7":0},"f":{"0":1,"1":0,"2":0},"b":{"0":[1,0]},"_coverageSchema":"1a1c01bbd47fc00a2c39e90264f33305004495a9","hash":"bd1a1352107038078dac67109157ee6fe2298c00"}
,"C:\\Projects\\step4\\codeReact\\src\\Components\\UserPostCard\\UserPostCard.js": {"path":"C:\\Projects\\step4\\codeReact\\src\\Components\\UserPostCard\\UserPostCard.js","statementMap":{"0":{"start":{"line":5,"column":21},"end":{"line":23,"column":1}},"1":{"start":{"line":11,"column":30},"end":{"line":11,"column":45}},"2":{"start":{"line":12,"column":4},"end":{"line":22,"column":6}},"3":{"start":{"line":14,"column":32},"end":{"line":14,"column":46}},"4":{"start":{"line":15,"column":32},"end":{"line":15,"column":47}}},"fnMap":{"0":{"name":"(anonymous_0)","decl":{"start":{"line":5,"column":21},"end":{"line":5,"column":22}},"loc":{"start":{"line":10,"column":6},"end":{"line":23,"column":1}},"line":10},"1":{"name":"(anonymous_1)","decl":{"start":{"line":14,"column":26},"end":{"line":14,"column":27}},"loc":{"start":{"line":14,"column":32},"end":{"line":14,"column":46}},"line":14},"2":{"name":"(anonymous_2)","decl":{"start":{"line":15,"column":26},"end":{"line":15,"column":27}},"loc":{"start":{"line":15,"column":32},"end":{"line":15,"column":47}},"line":15}},"branchMap":{"0":{"loc":{"start":{"line":20,"column":13},"end":{"line":20,"column":79}},"type":"binary-expr","locations":[{"start":{"line":20,"column":13},"end":{"line":20,"column":18}},{"start":{"line":20,"column":22},"end":{"line":20,"column":79}}],"line":20}},"s":{"0":4,"1":1,"2":1,"3":0,"4":0},"f":{"0":1,"1":0,"2":0},"b":{"0":[1,0]},"_coverageSchema":"1a1c01bbd47fc00a2c39e90264f33305004495a9","hash":"d9da3f055529495b7cdd09c9e4c8819d7e3b313a"}
,"C:\\Projects\\step4\\codeReact\\src\\Pages\\Posts\\Posts.js": {"path":"C:\\Projects\\step4\\codeReact\\src\\Pages\\Posts\\Posts.js","statementMap":{"0":{"start":{"line":9,"column":26},"end":{"line":9,"column":37}},"1":{"start":{"line":10,"column":16},"end":{"line":10,"column":64}},"2":{"start":{"line":10,"column":39},"end":{"line":10,"column":63}},"3":{"start":{"line":11,"column":15},"end":{"line":11,"column":35}},"4":{"start":{"line":12,"column":20},"end":{"line":14,"column":3}},"5":{"start":{"line":13,"column":4},"end":{"line":13,"column":32}},"6":{"start":{"line":13,"column":22},"end":{"line":13,"column":30}},"7":{"start":{"line":16,"column":2},"end":{"line":37,"column":4}},"8":{"start":{"line":21,"column":12},"end":{"line":30,"column":14}}},"fnMap":{"0":{"name":"Posts","decl":{"start":{"line":8,"column":9},"end":{"line":8,"column":14}},"loc":{"start":{"line":8,"column":17},"end":{"line":38,"column":1}},"line":8},"1":{"name":"(anonymous_1)","decl":{"start":{"line":10,"column":28},"end":{"line":10,"column":29}},"loc":{"start":{"line":10,"column":39},"end":{"line":10,"column":63}},"line":10},"2":{"name":"(anonymous_2)","decl":{"start":{"line":12,"column":20},"end":{"line":12,"column":21}},"loc":{"start":{"line":12,"column":26},"end":{"line":14,"column":3}},"line":12},"3":{"name":"(anonymous_3)","decl":{"start":{"line":13,"column":12},"end":{"line":13,"column":13}},"loc":{"start":{"line":13,"column":22},"end":{"line":13,"column":30}},"line":13},"4":{"name":"(anonymous_4)","decl":{"start":{"line":20,"column":10},"end":{"line":20,"column":11}},"loc":{"start":{"line":21,"column":12},"end":{"line":30,"column":14}},"line":21}},"branchMap":{},"s":{"0":3,"1":3,"2":3,"3":3,"4":3,"5":0,"6":0,"7":3,"8":0},"f":{"0":3,"1":3,"2":0,"3":0,"4":0},"b":{},"_coverageSchema":"1a1c01bbd47fc00a2c39e90264f33305004495a9","hash":"8c1a5bac5ae387d3c885b84ab6ac3eb600b75207"}
,"C:\\Projects\\step4\\codeReact\\src\\Pages\\User\\User.js": {"path":"C:\\Projects\\step4\\codeReact\\src\\Pages\\User\\User.js","statementMap":{"0":{"start":{"line":12,"column":13},"end":{"line":84,"column":1}},"1":{"start":{"line":13,"column":16},"end":{"line":13,"column":64}},"2":{"start":{"line":13,"column":39},"end":{"line":13,"column":63}},"3":{"start":{"line":14,"column":16},"end":{"line":14,"column":64}},"4":{"start":{"line":14,"column":39},"end":{"line":14,"column":63}},"5":{"start":{"line":15,"column":18},"end":{"line":15,"column":67}},"6":{"start":{"line":15,"column":41},"end":{"line":15,"column":66}},"7":{"start":{"line":16,"column":21},"end":{"line":19,"column":3}},"8":{"start":{"line":17,"column":15},"end":{"line":17,"column":44}},"9":{"start":{"line":20,"column":17},"end":{"line":20,"column":28}},"10":{"start":{"line":21,"column":19},"end":{"line":21,"column":32}},"11":{"start":{"line":22,"column":17},"end":{"line":22,"column":20}},"12":{"start":{"line":23,"column":18},"end":{"line":23,"column":32}},"13":{"start":{"line":24,"column":19},"end":{"line":24,"column":34}},"14":{"start":{"line":25,"column":23},"end":{"line":25,"column":42}},"15":{"start":{"line":26,"column":14},"end":{"line":26,"column":28}},"16":{"start":{"line":27,"column":25},"end":{"line":27,"column":46}},"17":{"start":{"line":28,"column":30},"end":{"line":28,"column":54}},"18":{"start":{"line":29,"column":19},"end":{"line":29,"column":72}},"19":{"start":{"line":29,"column":51},"end":{"line":29,"column":71}},"20":{"start":{"line":31,"column":2},"end":{"line":83,"column":4}},"21":{"start":{"line":46,"column":16},"end":{"line":46,"column":53}},"22":{"start":{"line":47,"column":16},"end":{"line":47,"column":32}},"23":{"start":{"line":56,"column":16},"end":{"line":56,"column":55}},"24":{"start":{"line":57,"column":16},"end":{"line":57,"column":33}},"25":{"start":{"line":68,"column":12},"end":{"line":77,"column":14}}},"fnMap":{"0":{"name":"(anonymous_0)","decl":{"start":{"line":12,"column":13},"end":{"line":12,"column":14}},"loc":{"start":{"line":12,"column":19},"end":{"line":84,"column":1}},"line":12},"1":{"name":"(anonymous_1)","decl":{"start":{"line":13,"column":28},"end":{"line":13,"column":29}},"loc":{"start":{"line":13,"column":39},"end":{"line":13,"column":63}},"line":13},"2":{"name":"(anonymous_2)","decl":{"start":{"line":14,"column":28},"end":{"line":14,"column":29}},"loc":{"start":{"line":14,"column":39},"end":{"line":14,"column":63}},"line":14},"3":{"name":"(anonymous_3)","decl":{"start":{"line":15,"column":30},"end":{"line":15,"column":31}},"loc":{"start":{"line":15,"column":41},"end":{"line":15,"column":66}},"line":15},"4":{"name":"(anonymous_4)","decl":{"start":{"line":17,"column":4},"end":{"line":17,"column":5}},"loc":{"start":{"line":17,"column":15},"end":{"line":17,"column":44}},"line":17},"5":{"name":"(anonymous_5)","decl":{"start":{"line":29,"column":32},"end":{"line":29,"column":33}},"loc":{"start":{"line":29,"column":51},"end":{"line":29,"column":71}},"line":29},"6":{"name":"(anonymous_6)","decl":{"start":{"line":45,"column":23},"end":{"line":45,"column":24}},"loc":{"start":{"line":45,"column":29},"end":{"line":48,"column":15}},"line":45},"7":{"name":"(anonymous_7)","decl":{"start":{"line":55,"column":23},"end":{"line":55,"column":24}},"loc":{"start":{"line":55,"column":29},"end":{"line":58,"column":15}},"line":55},"8":{"name":"(anonymous_8)","decl":{"start":{"line":67,"column":10},"end":{"line":67,"column":11}},"loc":{"start":{"line":68,"column":12},"end":{"line":77,"column":14}},"line":68}},"branchMap":{"0":{"loc":{"start":{"line":42,"column":11},"end":{"line":62,"column":11}},"type":"cond-expr","locations":[{"start":{"line":43,"column":12},"end":{"line":51,"column":18}},{"start":{"line":53,"column":12},"end":{"line":61,"column":18}}],"line":42},"1":{"loc":{"start":{"line":81,"column":7},"end":{"line":81,"column":43}},"type":"binary-expr","locations":[{"start":{"line":81,"column":7},"end":{"line":81,"column":14}},{"start":{"line":81,"column":18},"end":{"line":81,"column":43}}],"line":81}},"s":{"0":3,"1":1,"2":1,"3":1,"4":1,"5":1,"6":1,"7":1,"8":1,"9":1,"10":1,"11":1,"12":1,"13":1,"14":1,"15":1,"16":1,"17":1,"18":1,"19":0,"20":1,"21":0,"22":0,"23":0,"24":0,"25":0},"f":{"0":1,"1":1,"2":1,"3":1,"4":1,"5":0,"6":0,"7":0,"8":0},"b":{"0":[1,0],"1":[1,0]},"_coverageSchema":"1a1c01bbd47fc00a2c39e90264f33305004495a9","hash":"f2102208c9f12f09b9113034d91e7b23b0e25c91"}
,"C:\\Projects\\step4\\codeReact\\src\\store\\actionCreators.js": {"path":"C:\\Projects\\step4\\codeReact\\src\\store\\actionCreators.js","statementMap":{"0":{"start":{"line":13,"column":31},"end":{"line":20,"column":1}},"1":{"start":{"line":13,"column":37},"end":{"line":20,"column":1}},"2":{"start":{"line":14,"column":19},"end":{"line":14,"column":21}},"3":{"start":{"line":15,"column":19},"end":{"line":17,"column":3}},"4":{"start":{"line":16,"column":4},"end":{"line":16,"column":14}},"5":{"start":{"line":18,"column":2},"end":{"line":18,"column":20}},"6":{"start":{"line":19,"column":2},"end":{"line":19,"column":59}},"7":{"start":{"line":22,"column":31},"end":{"line":29,"column":1}},"8":{"start":{"line":22,"column":37},"end":{"line":29,"column":1}},"9":{"start":{"line":23,"column":19},"end":{"line":23,"column":21}},"10":{"start":{"line":24,"column":19},"end":{"line":26,"column":3}},"11":{"start":{"line":25,"column":4},"end":{"line":25,"column":14}},"12":{"start":{"line":27,"column":2},"end":{"line":27,"column":20}},"13":{"start":{"line":28,"column":2},"end":{"line":28,"column":59}},"14":{"start":{"line":32,"column":2},"end":{"line":43,"column":3}},"15":{"start":{"line":33,"column":2},"end":{"line":43,"column":3}},"16":{"start":{"line":34,"column":4},"end":{"line":34,"column":21}},"17":{"start":{"line":35,"column":4},"end":{"line":41,"column":7}},"18":{"start":{"line":42,"column":4},"end":{"line":42,"column":56}},"19":{"start":{"line":46,"column":2},"end":{"line":57,"column":3}},"20":{"start":{"line":47,"column":2},"end":{"line":57,"column":3}},"21":{"start":{"line":48,"column":4},"end":{"line":48,"column":21}},"22":{"start":{"line":49,"column":4},"end":{"line":55,"column":7}},"23":{"start":{"line":56,"column":4},"end":{"line":56,"column":58}},"24":{"start":{"line":60,"column":2},"end":{"line":73,"column":3}},"25":{"start":{"line":61,"column":2},"end":{"line":73,"column":3}},"26":{"start":{"line":62,"column":4},"end":{"line":71,"column":7}},"27":{"start":{"line":72,"column":4},"end":{"line":72,"column":50}},"28":{"start":{"line":76,"column":2},"end":{"line":89,"column":3}},"29":{"start":{"line":77,"column":2},"end":{"line":89,"column":3}},"30":{"start":{"line":78,"column":4},"end":{"line":87,"column":7}},"31":{"start":{"line":88,"column":4},"end":{"line":88,"column":50}},"32":{"start":{"line":92,"column":2},"end":{"line":102,"column":3}},"33":{"start":{"line":93,"column":2},"end":{"line":102,"column":3}},"34":{"start":{"line":94,"column":4},"end":{"line":100,"column":7}},"35":{"start":{"line":101,"column":4},"end":{"line":101,"column":64}},"36":{"start":{"line":104,"column":29},"end":{"line":104,"column":76}},"37":{"start":{"line":104,"column":43},"end":{"line":104,"column":75}},"38":{"start":{"line":106,"column":33},"end":{"line":109,"column":2}},"39":{"start":{"line":106,"column":47},"end":{"line":109,"column":1}}},"fnMap":{"0":{"name":"(anonymous_0)","decl":{"start":{"line":13,"column":31},"end":{"line":13,"column":32}},"loc":{"start":{"line":13,"column":37},"end":{"line":20,"column":1}},"line":13},"1":{"name":"(anonymous_1)","decl":{"start":{"line":13,"column":37},"end":{"line":13,"column":38}},"loc":{"start":{"line":13,"column":57},"end":{"line":20,"column":1}},"line":13},"2":{"name":"(anonymous_2)","decl":{"start":{"line":15,"column":67},"end":{"line":15,"column":68}},"loc":{"start":{"line":16,"column":4},"end":{"line":16,"column":14}},"line":16},"3":{"name":"(anonymous_3)","decl":{"start":{"line":22,"column":31},"end":{"line":22,"column":32}},"loc":{"start":{"line":22,"column":37},"end":{"line":29,"column":1}},"line":22},"4":{"name":"(anonymous_4)","decl":{"start":{"line":22,"column":37},"end":{"line":22,"column":38}},"loc":{"start":{"line":22,"column":57},"end":{"line":29,"column":1}},"line":22},"5":{"name":"(anonymous_5)","decl":{"start":{"line":24,"column":67},"end":{"line":24,"column":68}},"loc":{"start":{"line":25,"column":4},"end":{"line":25,"column":14}},"line":25},"6":{"name":"(anonymous_6)","decl":{"start":{"line":32,"column":2},"end":{"line":32,"column":3}},"loc":{"start":{"line":33,"column":2},"end":{"line":43,"column":3}},"line":33},"7":{"name":"(anonymous_7)","decl":{"start":{"line":33,"column":2},"end":{"line":33,"column":3}},"loc":{"start":{"line":33,"column":22},"end":{"line":43,"column":3}},"line":33},"8":{"name":"(anonymous_8)","decl":{"start":{"line":46,"column":2},"end":{"line":46,"column":3}},"loc":{"start":{"line":47,"column":2},"end":{"line":57,"column":3}},"line":47},"9":{"name":"(anonymous_9)","decl":{"start":{"line":47,"column":2},"end":{"line":47,"column":3}},"loc":{"start":{"line":47,"column":22},"end":{"line":57,"column":3}},"line":47},"10":{"name":"(anonymous_10)","decl":{"start":{"line":60,"column":2},"end":{"line":60,"column":3}},"loc":{"start":{"line":61,"column":2},"end":{"line":73,"column":3}},"line":61},"11":{"name":"(anonymous_11)","decl":{"start":{"line":61,"column":2},"end":{"line":61,"column":3}},"loc":{"start":{"line":61,"column":22},"end":{"line":73,"column":3}},"line":61},"12":{"name":"(anonymous_12)","decl":{"start":{"line":76,"column":2},"end":{"line":76,"column":3}},"loc":{"start":{"line":77,"column":2},"end":{"line":89,"column":3}},"line":77},"13":{"name":"(anonymous_13)","decl":{"start":{"line":77,"column":2},"end":{"line":77,"column":3}},"loc":{"start":{"line":77,"column":22},"end":{"line":89,"column":3}},"line":77},"14":{"name":"(anonymous_14)","decl":{"start":{"line":92,"column":2},"end":{"line":92,"column":3}},"loc":{"start":{"line":93,"column":2},"end":{"line":102,"column":3}},"line":93},"15":{"name":"(anonymous_15)","decl":{"start":{"line":93,"column":2},"end":{"line":93,"column":3}},"loc":{"start":{"line":93,"column":22},"end":{"line":102,"column":3}},"line":93},"16":{"name":"(anonymous_16)","decl":{"start":{"line":104,"column":29},"end":{"line":104,"column":30}},"loc":{"start":{"line":104,"column":43},"end":{"line":104,"column":75}},"line":104},"17":{"name":"(anonymous_17)","decl":{"start":{"line":106,"column":33},"end":{"line":106,"column":34}},"loc":{"start":{"line":106,"column":47},"end":{"line":109,"column":1}},"line":106}},"branchMap":{},"s":{"0":8,"1":1,"2":1,"3":1,"4":0,"5":0,"6":0,"7":8,"8":1,"9":1,"10":1,"11":0,"12":0,"13":0,"14":8,"15":0,"16":0,"17":0,"18":0,"19":8,"20":0,"21":0,"22":0,"23":0,"24":8,"25":0,"26":0,"27":0,"28":8,"29":0,"30":0,"31":0,"32":8,"33":0,"34":0,"35":0,"36":8,"37":0,"38":8,"39":0},"f":{"0":1,"1":1,"2":0,"3":1,"4":1,"5":0,"6":0,"7":0,"8":0,"9":0,"10":0,"11":0,"12":0,"13":0,"14":0,"15":0,"16":0,"17":0},"b":{},"_coverageSchema":"1a1c01bbd47fc00a2c39e90264f33305004495a9","hash":"f21858fb38812735f9436efb2e8afddc56983605"}
,"C:\\Projects\\step4\\codeReact\\src\\store\\actions.js": {"path":"C:\\Projects\\step4\\codeReact\\src\\store\\actions.js","statementMap":{"0":{"start":{"line":1,"column":31},"end":{"line":1,"column":48}},"1":{"start":{"line":2,"column":31},"end":{"line":2,"column":48}},"2":{"start":{"line":3,"column":33},"end":{"line":3,"column":52}},"3":{"start":{"line":4,"column":35},"end":{"line":4,"column":56}},"4":{"start":{"line":5,"column":27},"end":{"line":5,"column":40}},"5":{"start":{"line":6,"column":27},"end":{"line":6,"column":40}},"6":{"start":{"line":7,"column":30},"end":{"line":7,"column":46}},"7":{"start":{"line":8,"column":29},"end":{"line":8,"column":44}},"8":{"start":{"line":9,"column":33},"end":{"line":9,"column":52}}},"fnMap":{},"branchMap":{},"s":{"0":10,"1":10,"2":10,"3":10,"4":10,"5":10,"6":10,"7":10,"8":10},"f":{},"b":{},"_coverageSchema":"1a1c01bbd47fc00a2c39e90264f33305004495a9","hash":"ed0f404ae8ae8171c9411911e1bb698e50edfe20"}
,"C:\\Projects\\step4\\codeReact\\src\\store\\appReducer.js": {"path":"C:\\Projects\\step4\\codeReact\\src\\store\\appReducer.js","statementMap":{"0":{"start":{"line":4,"column":19},"end":{"line":6,"column":2}}},"fnMap":{},"branchMap":{},"s":{"0":9},"f":{},"b":{},"_coverageSchema":"1a1c01bbd47fc00a2c39e90264f33305004495a9","hash":"db60c90f18acf0760a7c184e318e92d91333e161"}
,"C:\\Projects\\step4\\codeReact\\src\\store\\index.js": {"path":"C:\\Projects\\step4\\codeReact\\src\\store\\index.js","statementMap":{"0":{"start":{"line":6,"column":14},"end":{"line":9,"column":1}}},"fnMap":{},"branchMap":{},"s":{"0":9},"f":{},"b":{},"_coverageSchema":"1a1c01bbd47fc00a2c39e90264f33305004495a9","hash":"a63d21ac861d289b413ff587520b4ee7f5510aa5"}
,"C:\\Projects\\step4\\codeReact\\src\\store\\reducer.js": {"path":"C:\\Projects\\step4\\codeReact\\src\\store\\reducer.js","statementMap":{"0":{"start":{"line":13,"column":21},"end":{"line":18,"column":1}},"1":{"start":{"line":19,"column":16},"end":{"line":94,"column":1}},"2":{"start":{"line":20,"column":2},"end":{"line":93,"column":3}},"3":{"start":{"line":23,"column":6},"end":{"line":23,"column":54}},"4":{"start":{"line":27,"column":6},"end":{"line":27,"column":54}},"5":{"start":{"line":31,"column":23},"end":{"line":31,"column":44}},"6":{"start":{"line":32,"column":6},"end":{"line":32,"column":28}},"7":{"start":{"line":33,"column":20},"end":{"line":33,"column":73}},"8":{"start":{"line":33,"column":47},"end":{"line":33,"column":72}},"9":{"start":{"line":34,"column":6},"end":{"line":36,"column":7}},"10":{"start":{"line":35,"column":8},"end":{"line":35,"column":42}},"11":{"start":{"line":37,"column":6},"end":{"line":37,"column":43}},"12":{"start":{"line":41,"column":23},"end":{"line":41,"column":44}},"13":{"start":{"line":42,"column":6},"end":{"line":42,"column":28}},"14":{"start":{"line":43,"column":20},"end":{"line":43,"column":73}},"15":{"start":{"line":43,"column":47},"end":{"line":43,"column":72}},"16":{"start":{"line":44,"column":6},"end":{"line":46,"column":7}},"17":{"start":{"line":45,"column":8},"end":{"line":45,"column":43}},"18":{"start":{"line":47,"column":6},"end":{"line":47,"column":43}},"19":{"start":{"line":51,"column":23},"end":{"line":51,"column":44}},"20":{"start":{"line":52,"column":6},"end":{"line":52,"column":28}},"21":{"start":{"line":53,"column":20},"end":{"line":53,"column":73}},"22":{"start":{"line":53,"column":47},"end":{"line":53,"column":72}},"23":{"start":{"line":54,"column":6},"end":{"line":57,"column":7}},"24":{"start":{"line":55,"column":8},"end":{"line":55,"column":45}},"25":{"start":{"line":56,"column":8},"end":{"line":56,"column":58}},"26":{"start":{"line":58,"column":6},"end":{"line":58,"column":43}},"27":{"start":{"line":62,"column":23},"end":{"line":62,"column":44}},"28":{"start":{"line":63,"column":6},"end":{"line":63,"column":28}},"29":{"start":{"line":64,"column":20},"end":{"line":64,"column":73}},"30":{"start":{"line":64,"column":47},"end":{"line":64,"column":72}},"31":{"start":{"line":65,"column":6},"end":{"line":68,"column":7}},"32":{"start":{"line":66,"column":8},"end":{"line":66,"column":46}},"33":{"start":{"line":67,"column":8},"end":{"line":67,"column":58}},"34":{"start":{"line":69,"column":6},"end":{"line":69,"column":43}},"35":{"start":{"line":73,"column":23},"end":{"line":73,"column":44}},"36":{"start":{"line":74,"column":6},"end":{"line":74,"column":28}},"37":{"start":{"line":75,"column":20},"end":{"line":75,"column":77}},"38":{"start":{"line":75,"column":47},"end":{"line":75,"column":76}},"39":{"start":{"line":76,"column":6},"end":{"line":78,"column":7}},"40":{"start":{"line":77,"column":8},"end":{"line":77,"column":56}},"41":{"start":{"line":79,"column":6},"end":{"line":79,"column":43}},"42":{"start":{"line":83,"column":6},"end":{"line":83,"column":55}},"43":{"start":{"line":87,"column":6},"end":{"line":87,"column":59}},"44":{"start":{"line":91,"column":6},"end":{"line":91,"column":19}}},"fnMap":{"0":{"name":"(anonymous_0)","decl":{"start":{"line":19,"column":16},"end":{"line":19,"column":17}},"loc":{"start":{"line":19,"column":50},"end":{"line":94,"column":1}},"line":19},"1":{"name":"(anonymous_1)","decl":{"start":{"line":33,"column":39},"end":{"line":33,"column":40}},"loc":{"start":{"line":33,"column":47},"end":{"line":33,"column":72}},"line":33},"2":{"name":"(anonymous_2)","decl":{"start":{"line":43,"column":39},"end":{"line":43,"column":40}},"loc":{"start":{"line":43,"column":47},"end":{"line":43,"column":72}},"line":43},"3":{"name":"(anonymous_3)","decl":{"start":{"line":53,"column":39},"end":{"line":53,"column":40}},"loc":{"start":{"line":53,"column":47},"end":{"line":53,"column":72}},"line":53},"4":{"name":"(anonymous_4)","decl":{"start":{"line":64,"column":39},"end":{"line":64,"column":40}},"loc":{"start":{"line":64,"column":47},"end":{"line":64,"column":72}},"line":64},"5":{"name":"(anonymous_5)","decl":{"start":{"line":75,"column":39},"end":{"line":75,"column":40}},"loc":{"start":{"line":75,"column":47},"end":{"line":75,"column":76}},"line":75}},"branchMap":{"0":{"loc":{"start":{"line":19,"column":17},"end":{"line":19,"column":37}},"type":"default-arg","locations":[{"start":{"line":19,"column":25},"end":{"line":19,"column":37}}],"line":19},"1":{"loc":{"start":{"line":20,"column":2},"end":{"line":93,"column":3}},"type":"switch","locations":[{"start":{"line":22,"column":4},"end":{"line":24,"column":5}},{"start":{"line":26,"column":4},"end":{"line":28,"column":5}},{"start":{"line":30,"column":4},"end":{"line":38,"column":5}},{"start":{"line":40,"column":4},"end":{"line":48,"column":5}},{"start":{"line":50,"column":4},"end":{"line":59,"column":5}},{"start":{"line":61,"column":4},"end":{"line":70,"column":5}},{"start":{"line":72,"column":4},"end":{"line":80,"column":5}},{"start":{"line":82,"column":4},"end":{"line":84,"column":5}},{"start":{"line":86,"column":4},"end":{"line":88,"column":5}},{"start":{"line":90,"column":4},"end":{"line":92,"column":5}}],"line":20},"2":{"loc":{"start":{"line":34,"column":6},"end":{"line":36,"column":7}},"type":"if","locations":[{"start":{"line":34,"column":6},"end":{"line":36,"column":7}},{"start":{},"end":{}}],"line":34},"3":{"loc":{"start":{"line":44,"column":6},"end":{"line":46,"column":7}},"type":"if","locations":[{"start":{"line":44,"column":6},"end":{"line":46,"column":7}},{"start":{},"end":{}}],"line":44},"4":{"loc":{"start":{"line":54,"column":6},"end":{"line":57,"column":7}},"type":"if","locations":[{"start":{"line":54,"column":6},"end":{"line":57,"column":7}},{"start":{},"end":{}}],"line":54},"5":{"loc":{"start":{"line":65,"column":6},"end":{"line":68,"column":7}},"type":"if","locations":[{"start":{"line":65,"column":6},"end":{"line":68,"column":7}},{"start":{},"end":{}}],"line":65},"6":{"loc":{"start":{"line":76,"column":6},"end":{"line":78,"column":7}},"type":"if","locations":[{"start":{"line":76,"column":6},"end":{"line":78,"column":7}},{"start":{},"end":{}}],"line":76}},"s":{"0":10,"1":10,"2":30,"3":0,"4":0,"5":0,"6":0,"7":0,"8":0,"9":0,"10":0,"11":0,"12":0,"13":0,"14":0,"15":0,"16":0,"17":0,"18":0,"19":0,"20":0,"21":0,"22":0,"23":0,"24":0,"25":0,"26":0,"27":0,"28":0,"29":0,"30":0,"31":0,"32":0,"33":0,"34":0,"35":0,"36":0,"37":0,"38":0,"39":0,"40":0,"41":0,"42":1,"43":1,"44":28},"f":{"0":30,"1":0,"2":0,"3":0,"4":0,"5":0},"b":{"0":[28],"1":[0,0,0,0,0,0,0,1,1,28],"2":[0,0],"3":[0,0],"4":[0,0],"5":[0,0],"6":[0,0]},"_coverageSchema":"1a1c01bbd47fc00a2c39e90264f33305004495a9","hash":"75dc6500b9bcfd5212221a6a1067055cec2ab603"}
}
